Using pre-set license
Built from '2021.2/staging' branch; Version is '2021.2.18f1 (0c6e675195cf) revision 814695'; Using compiler version '192829333'; Build Type 'Release'
OS: 'Windows 10  (10.0.19043) 64bit Core' Language: 'pl' Physical Memory: 16296 MB
BatchMode: 1, IsHumanControllingUs: 0, StartBugReporterOnCrash: 0, Is64bit: 1, IsPro: 1

COMMAND LINE ARGUMENTS:
D:\Unity Hub\Unity Editors\Unity 2021.2.18f1\Editor\Unity.exe
-adb2
-batchMode
-noUpm
-name
AssetImportWorker0
-projectPath
D:/Światło/Pulpit/Gryf Jam/Time Paradox
-logFile
Logs/AssetImportWorker0.log
-srvPort
49688
Successfully changed project path to: D:/Światło/Pulpit/Gryf Jam/Time Paradox
D:/Światło/Pulpit/Gryf Jam/Time Paradox
[UnityMemory] Configuration Parameters - Can be set up in boot.config
    "memorysetup-bucket-allocator-granularity=16"
    "memorysetup-bucket-allocator-bucket-count=8"
    "memorysetup-bucket-allocator-block-size=33554432"
    "memorysetup-bucket-allocator-block-count=8"
    "memorysetup-main-allocator-block-size=16777216"
    "memorysetup-thread-allocator-block-size=16777216"
    "memorysetup-gfx-main-allocator-block-size=16777216"
    "memorysetup-gfx-thread-allocator-block-size=16777216"
    "memorysetup-cache-allocator-block-size=4194304"
    "memorysetup-typetree-allocator-block-size=2097152"
    "memorysetup-profiler-bucket-allocator-granularity=16"
    "memorysetup-profiler-bucket-allocator-bucket-count=8"
    "memorysetup-profiler-bucket-allocator-block-size=33554432"
    "memorysetup-profiler-bucket-allocator-block-count=8"
    "memorysetup-profiler-allocator-block-size=16777216"
    "memorysetup-profiler-editor-allocator-block-size=1048576"
    "memorysetup-temp-allocator-size-main=16777216"
    "memorysetup-job-temp-allocator-block-size=2097152"
    "memorysetup-job-temp-allocator-block-size-background=1048576"
    "memorysetup-job-temp-allocator-reduction-small-platforms=262144"
    "memorysetup-temp-allocator-size-background-worker=32768"
    "memorysetup-temp-allocator-size-job-worker=262144"
    "memorysetup-temp-allocator-size-preload-manager=33554432"
    "memorysetup-temp-allocator-size-nav-mesh-worker=65536"
    "memorysetup-temp-allocator-size-audio-worker=65536"
    "memorysetup-temp-allocator-size-cloud-worker=32768"
    "memorysetup-temp-allocator-size-gi-baking-worker=262144"
    "memorysetup-temp-allocator-size-gfx=262144"
Refreshing native plugins compatible for Editor in 96.33 ms, found 3 plugins.
Preloading 0 native plugins for Editor in 0.00 ms.
Initialize engine version: 2021.2.18f1 (0c6e675195cf)
[Subsystems] Discovering subsystems at path D:/Unity Hub/Unity Editors/Unity 2021.2.18f1/Editor/Data/Resources/UnitySubsystems
[Subsystems] Discovering subsystems at path D:/Światło/Pulpit/Gryf Jam/Time Paradox/Assets
GfxDevice: creating device client; threaded=0; jobified=0
Direct3D:
    Version:  Direct3D 11.0 [level 11.1]
    Renderer: NVIDIA GeForce GTX 1060 6GB (ID=0x1c03)
    Vendor:   NVIDIA
    VRAM:     6052 MB
    Driver:   27.21.14.6172
Initialize mono
Mono path[0] = 'D:/Unity Hub/Unity Editors/Unity 2021.2.18f1/Editor/Data/Managed'
Mono path[1] = 'D:/Unity Hub/Unity Editors/Unity 2021.2.18f1/Editor/Data/MonoBleedingEdge/lib/mono/unityjit-win32'
Mono config path = 'D:/Unity Hub/Unity Editors/Unity 2021.2.18f1/Editor/Data/MonoBleedingEdge/etc'
Using monoOptions --debugger-agent=transport=dt_socket,embedding=1,server=y,suspend=n,address=127.0.0.1:56440
Begin MonoManager ReloadAssembly
Registering precompiled unity dll's ...
Register platform support module: D:/Unity Hub/Unity Editors/Unity 2021.2.18f1/Editor/Data/PlaybackEngines/WindowsStandaloneSupport/UnityEditor.WindowsStandalone.Extensions.dll
Registered in 0.004012 seconds.
Native extension for WindowsStandalone target not found
Refreshing native plugins compatible for Editor in 93.18 ms, found 3 plugins.
Preloading 0 native plugins for Editor in 0.00 ms.
Mono: successfully reloaded assembly
- Completed reload, in  0.780 seconds
Domain Reload Profiling:
	ReloadAssembly (781ms)
		BeginReloadAssembly (87ms)
			ExecutionOrderSort (0ms)
			DisableScriptedObjects (0ms)
			BackupInstance (0ms)
			ReleaseScriptingObjects (0ms)
			CreateAndSetChildDomain (1ms)
		EndReloadAssembly (565ms)
			LoadAssemblies (86ms)
			RebuildTransferFunctionScriptingTraits (0ms)
			SetupTypeCache (130ms)
			ReleaseScriptCaches (0ms)
			RebuildScriptCaches (36ms)
			SetupLoadedEditorAssemblies (341ms)
				LogAssemblyErrors (0ms)
				InitializePlatformSupportModulesInManaged (9ms)
				SetLoadedEditorAssemblies (0ms)
				RefreshPlugins (93ms)
				BeforeProcessingInitializeOnLoad (1ms)
				ProcessInitializeOnLoadAttributes (179ms)
				ProcessInitializeOnLoadMethodAttributes (58ms)
				AfterProcessingInitializeOnLoad (0ms)
				EditorAssembliesLoaded (0ms)
			ExecutionOrderSort2 (0ms)
			AwakeInstancesAfterBackupRestoration (0ms)
Platform modules already initialized, skipping
Registering precompiled user dll's ...
Registered in 0.003693 seconds.
Begin MonoManager ReloadAssembly
Symbol file LoadedFromMemory doesn't match image D:\Światło\Pulpit\Gryf Jam\Time Paradox\Library\PackageCache\com.unity.visualscripting@1.7.6\Editor\VisualScripting.Core\Dependencies\YamlDotNet\Unity.VisualScripting.YamlDotNet.dll
Symbol file LoadedFromMemory doesn't match image D:\Światło\Pulpit\Gryf Jam\Time Paradox\Library\PackageCache\com.unity.visualscripting@1.7.6\Editor\VisualScripting.Core\Dependencies\DotNetZip\Unity.VisualScripting.IonicZip.dll
Native extension for WindowsStandalone target not found
Refreshing native plugins compatible for Editor in 0.50 ms, found 3 plugins.
Preloading 0 native plugins for Editor in 0.00 ms.
Mono: successfully reloaded assembly
- Completed reload, in  1.197 seconds
Domain Reload Profiling:
	ReloadAssembly (1198ms)
		BeginReloadAssembly (129ms)
			ExecutionOrderSort (0ms)
			DisableScriptedObjects (7ms)
			BackupInstance (0ms)
			ReleaseScriptingObjects (0ms)
			CreateAndSetChildDomain (25ms)
		EndReloadAssembly (929ms)
			LoadAssemblies (88ms)
			RebuildTransferFunctionScriptingTraits (0ms)
			SetupTypeCache (320ms)
			ReleaseScriptCaches (1ms)
			RebuildScriptCaches (61ms)
			SetupLoadedEditorAssemblies (411ms)
				LogAssemblyErrors (0ms)
				InitializePlatformSupportModulesInManaged (7ms)
				SetLoadedEditorAssemblies (1ms)
				RefreshPlugins (1ms)
				BeforeProcessingInitializeOnLoad (92ms)
				ProcessInitializeOnLoadAttributes (277ms)
				ProcessInitializeOnLoadMethodAttributes (30ms)
				AfterProcessingInitializeOnLoad (3ms)
				EditorAssembliesLoaded (0ms)
			ExecutionOrderSort2 (0ms)
			AwakeInstancesAfterBackupRestoration (9ms)
Platform modules already initialized, skipping
========================================================================
Worker process is ready to serve import requests
Launched and connected shader compiler UnityShaderCompiler.exe after 0.09 seconds
Refreshing native plugins compatible for Editor in 0.51 ms, found 3 plugins.
Preloading 0 native plugins for Editor in 0.00 ms.
Unloading 3240 Unused Serialized files (Serialized files now loaded: 0)
Unloading 23 unused Assets / (112.2 KB). Loaded Objects now: 3701.
Memory consumption went from 114.5 MB to 114.4 MB.
Total: 3.910700 ms (FindLiveObjects: 0.282800 ms CreateObjectMapping: 0.194900 ms MarkObjects: 3.198700 ms  DeleteObjects: 0.232200 ms)

AssetImportParameters requested are different than current active one (requested -> active):
  custom:video-decoder-ogg-theora: a1e56fd34408186e4bbccfd4996cb3dc -> 
  custom:container-muxer-webm: aa71ff27fc2769a1b78a27578f13a17b -> 
  custom:container-demuxer-webm: 4f35f7cbe854078d1ac9338744f61a02 -> 
  custom:video-encoder-webm-vp8: eb34c28f22e8b96e1ab97ce403110664 -> 
  custom:audio-encoder-webm-vorbis: bf7c407c2cedff20999df2af8eb42d56 -> 
  custom:framework-win-MediaFoundation: 216162199b28c13a410421893ffa2e32 -> 
  custom:container-demuxer-ogg: 62fdf1f143b41e24485cea50d1cbac27 -> 
  custom:video-decoder-webm-vp8: 9c59270c3fd7afecdb556c50c9e8de78 -> 
  custom:audio-decoder-ogg-vorbis: bf7c407c2cedff20999df2af8eb42d56 -> 
========================================================================
Received Import Request.
  Time since last request: 72055.360719 seconds.
  path: Assets/Animations/UI Animations
  artifactKey: Guid(11d5bea791c90514d9bc78818228cedb) Importer(815301076,1909f56bfc062723c751e8b465ee728b)
Start importing Assets/Animations/UI Animations using Guid(11d5bea791c90514d9bc78818228cedb) Importer(815301076,1909f56bfc062723c751e8b465ee728b)  -> (artifact id: 'b0ddc30b0f6523732c638e6a896e6f48') in 0.010370 seconds 
========================================================================
Received Import Request.
  Time since last request: 0.000033 seconds.
  path: Assets/Animations/UI Animations/MenuScene
  artifactKey: Guid(dbf1b2d97efe95d44a25632451605b67) Importer(815301076,1909f56bfc062723c751e8b465ee728b)
Start importing Assets/Animations/UI Animations/MenuScene using Guid(dbf1b2d97efe95d44a25632451605b67) Importer(815301076,1909f56bfc062723c751e8b465ee728b)  -> (artifact id: '20167989d76525bc6010dd34fbf0d93e') in 0.008986 seconds 
========================================================================
Received Import Request.
  Time since last request: 1.591912 seconds.
  path: Assets/Animations/UI Animations/SpritesMenu/BG.png
  artifactKey: Guid(db78ac14b780183469c8148e0ec5593a) Importer(815301076,1909f56bfc062723c751e8b465ee728b)
Start importing Assets/Animations/UI Animations/SpritesMenu/BG.png using Guid(db78ac14b780183469c8148e0ec5593a) Importer(815301076,1909f56bfc062723c751e8b465ee728b)  -> (artifact id: '8699fe03e9bf222909f8eaeaebbe5afe') in 0.322545 seconds 
========================================================================
Received Import Request.
  Time since last request: 0.000025 seconds.
  path: Assets/Animations/UI Animations/SpritesMenu/Start_Idle.png
  artifactKey: Guid(caa72f1ded093c3478cf0f6f8501233d) Importer(815301076,1909f56bfc062723c751e8b465ee728b)
Start importing Assets/Animations/UI Animations/SpritesMenu/Start_Idle.png using Guid(caa72f1ded093c3478cf0f6f8501233d) Importer(815301076,1909f56bfc062723c751e8b465ee728b)  -> (artifact id: 'e0e92e741c26d52c6f08192504a08c7b') in 0.046654 seconds 
========================================================================
Received Import Request.
  Time since last request: 0.000032 seconds.
  path: Assets/Animations/UI Animations/SpritesMenu/ship0002.png
  artifactKey: Guid(a08ecb7394bf0aa488b8d9c438887380) Importer(815301076,1909f56bfc062723c751e8b465ee728b)
Start importing Assets/Animations/UI Animations/SpritesMenu/ship0002.png using Guid(a08ecb7394bf0aa488b8d9c438887380) Importer(815301076,1909f56bfc062723c751e8b465ee728b)  -> (artifact id: '10bb83085a5e648ed2dada1640a44f67') in 0.087817 seconds 
========================================================================
Received Import Request.
  Time since last request: 0.000020 seconds.
  path: Assets/Animations/UI Animations/SpritesMenu/ship0004.png
  artifactKey: Guid(a239206ebfd79ba449fde28f261aa668) Importer(815301076,1909f56bfc062723c751e8b465ee728b)
Start importing Assets/Animations/UI Animations/SpritesMenu/ship0004.png using Guid(a239206ebfd79ba449fde28f261aa668) Importer(815301076,1909f56bfc062723c751e8b465ee728b)  -> (artifact id: '0b106c68f8a9530e0c45a31cbcd8318a') in 0.078189 seconds 
========================================================================
Received Import Request.
  Time since last request: 0.000019 seconds.
  path: Assets/Animations/UI Animations/SpritesMenu/Logo.png
  artifactKey: Guid(5211fa32df641174cb3ea145c9c5bcf6) Importer(815301076,1909f56bfc062723c751e8b465ee728b)
Start importing Assets/Animations/UI Animations/SpritesMenu/Logo.png using Guid(5211fa32df641174cb3ea145c9c5bcf6) Importer(815301076,1909f56bfc062723c751e8b465ee728b)  -> (artifact id: 'e34825ad515058ec7336f083c139fd0e') in 0.142842 seconds 
========================================================================
Received Import Request.
  Time since last request: 0.000082 seconds.
  path: Assets/Animations/UI Animations/SpritesMenu/ship0001.png
  artifactKey: Guid(7dae15b8e03cd2947817d41b0388dd5a) Importer(815301076,1909f56bfc062723c751e8b465ee728b)
Start importing Assets/Animations/UI Animations/SpritesMenu/ship0001.png using Guid(7dae15b8e03cd2947817d41b0388dd5a) Importer(815301076,1909f56bfc062723c751e8b465ee728b)  -> (artifact id: '94c35a642c67c0cd4289ed2a28beb7a1') in 0.070351 seconds 
========================================================================
Received Import Request.
  Time since last request: 0.000031 seconds.
  path: Assets/Animations/UI Animations/SpritesMenu/ship0003.png
  artifactKey: Guid(8729c76c076d75d4fb583fb0eeb0d736) Importer(815301076,1909f56bfc062723c751e8b465ee728b)
Start importing Assets/Animations/UI Animations/SpritesMenu/ship0003.png using Guid(8729c76c076d75d4fb583fb0eeb0d736) Importer(815301076,1909f56bfc062723c751e8b465ee728b)  -> (artifact id: 'e06110427932665cc2b6099c2209fee2') in 0.081421 seconds 
========================================================================
Received Import Request.
  Time since last request: 0.000025 seconds.
  path: Assets/Animations/UI Animations/SpritesMenu/Settings_Idle.png
  artifactKey: Guid(a6af49bcb95c28c48a6521cb990bfc43) Importer(815301076,1909f56bfc062723c751e8b465ee728b)
Start importing Assets/Animations/UI Animations/SpritesMenu/Settings_Idle.png using Guid(a6af49bcb95c28c48a6521cb990bfc43) Importer(815301076,1909f56bfc062723c751e8b465ee728b)  -> (artifact id: 'b9b3f183ff8d69867de78d8e2137984f') in 0.048683 seconds 
========================================================================
Received Import Request.
  Time since last request: 24.549288 seconds.
  path: Assets/Scenes/Menu.unity
  artifactKey: Guid(10eb74d43a6054947b1cfd9c108828a0) Importer(815301076,1909f56bfc062723c751e8b465ee728b)
Start importing Assets/Scenes/Menu.unity using Guid(10eb74d43a6054947b1cfd9c108828a0) Importer(815301076,1909f56bfc062723c751e8b465ee728b)  -> (artifact id: '0290ac9037222637efb51c592c4c513d') in 0.010858 seconds 
========================================================================
Received Prepare
Registering precompiled user dll's ...
Registered in 0.003565 seconds.
Begin MonoManager ReloadAssembly
Symbol file LoadedFromMemory doesn't match image D:\Światło\Pulpit\Gryf Jam\Time Paradox\Library\PackageCache\com.unity.visualscripting@1.7.6\Editor\VisualScripting.Core\Dependencies\YamlDotNet\Unity.VisualScripting.YamlDotNet.dll
Symbol file LoadedFromMemory doesn't match image D:\Światło\Pulpit\Gryf Jam\Time Paradox\Library\PackageCache\com.unity.visualscripting@1.7.6\Editor\VisualScripting.Core\Dependencies\DotNetZip\Unity.VisualScripting.IonicZip.dll
Native extension for WindowsStandalone target not found
Refreshing native plugins compatible for Editor in 0.70 ms, found 3 plugins.
Preloading 0 native plugins for Editor in 0.00 ms.
Mono: successfully reloaded assembly
- Completed reload, in  1.446 seconds
Domain Reload Profiling:
	ReloadAssembly (1447ms)
		BeginReloadAssembly (152ms)
			ExecutionOrderSort (0ms)
			DisableScriptedObjects (8ms)
			BackupInstance (0ms)
			ReleaseScriptingObjects (0ms)
			CreateAndSetChildDomain (41ms)
		EndReloadAssembly (1176ms)
			LoadAssemblies (87ms)
			RebuildTransferFunctionScriptingTraits (0ms)
			SetupTypeCache (378ms)
			ReleaseScriptCaches (3ms)
			RebuildScriptCaches (71ms)
			SetupLoadedEditorAssemblies (543ms)
				LogAssemblyErrors (0ms)
				InitializePlatformSupportModulesInManaged (28ms)
				SetLoadedEditorAssemblies (1ms)
				RefreshPlugins (1ms)
				BeforeProcessingInitializeOnLoad (95ms)
				ProcessInitializeOnLoadAttributes (375ms)
				ProcessInitializeOnLoadMethodAttributes (40ms)
				AfterProcessingInitializeOnLoad (4ms)
				EditorAssembliesLoaded (0ms)
			ExecutionOrderSort2 (0ms)
			AwakeInstancesAfterBackupRestoration (14ms)
Platform modules already initialized, skipping
Refreshing native plugins compatible for Editor in 4.17 ms, found 3 plugins.
Preloading 0 native plugins for Editor in 0.00 ms.
Unloading 3222 Unused Serialized files (Serialized files now loaded: 0)
Unloading 16 unused Assets / (79.2 KB). Loaded Objects now: 3719.
Memory consumption went from 117.5 MB to 117.4 MB.
Total: 3.628500 ms (FindLiveObjects: 0.271600 ms CreateObjectMapping: 0.162100 ms MarkObjects: 3.002300 ms  DeleteObjects: 0.190800 ms)

AssetImportParameters requested are different than current active one (requested -> active):
  custom:video-decoder-ogg-theora: a1e56fd34408186e4bbccfd4996cb3dc -> 
  custom:container-muxer-webm: aa71ff27fc2769a1b78a27578f13a17b -> 
  custom:container-demuxer-webm: 4f35f7cbe854078d1ac9338744f61a02 -> 
  custom:video-encoder-webm-vp8: eb34c28f22e8b96e1ab97ce403110664 -> 
  custom:audio-encoder-webm-vorbis: bf7c407c2cedff20999df2af8eb42d56 -> 
  custom:framework-win-MediaFoundation: 216162199b28c13a410421893ffa2e32 -> 
  custom:container-demuxer-ogg: 62fdf1f143b41e24485cea50d1cbac27 -> 
  custom:video-decoder-webm-vp8: 9c59270c3fd7afecdb556c50c9e8de78 -> 
  custom:audio-decoder-ogg-vorbis: bf7c407c2cedff20999df2af8eb42d56 -> 
========================================================================
Received Import Request.
  Time since last request: 40.260719 seconds.
  path: Assets/Animations/UI Animations/SpritesMenu
  artifactKey: Guid(fe82988a856d19a408dacba7b8635db6) Importer(815301076,1909f56bfc062723c751e8b465ee728b)
Start importing Assets/Animations/UI Animations/SpritesMenu using Guid(fe82988a856d19a408dacba7b8635db6) Importer(815301076,1909f56bfc062723c751e8b465ee728b)  -> (artifact id: 'fcc84a198859143c54e4068904f27dc2') in 0.014342 seconds 
